2016-08-17 11:00:47,299 [FILE] INFO  com.lightfight.mq.LogbackConfig.25 - LogbackConfig init successfully!
2016-08-17 11:01:49,555 [FILE] INFO  com.lightfight.mq.LogbackConfig.25 - LogbackConfig init successfully!
2016-08-17 11:08:03,689 [FILE] INFO  com.lightfight.mq.LogbackConfig.25 - LogbackConfig init successfully!
2016-08-17 11:08:36,430 [FILE] INFO  com.lightfight.mq.LogbackConfig.25 - LogbackConfig init successfully!
2016-08-17 11:15:52,626 [FILE] INFO  com.lightfight.mq.LogbackConfig.25 - LogbackConfig init successfully!
2016-08-17 11:16:01,837 [FILE] INFO  com.lightfight.mq.LogbackConfig.25 - LogbackConfig init successfully!
2016-08-17 11:16:42,305 [FILE] INFO  com.lightfight.mq.LogbackConfig.25 - LogbackConfig init successfully!
2016-08-17 11:19:16,179 [FILE] INFO  com.lightfight.mq.LogbackConfig.25 - LogbackConfig init successfully!
2016-08-17 11:19:16,799 [FILE] DEBUG com.lightfight.mq.JmsMessageConverter.43 - toMessage...
2016-08-17 11:19:16,809 [FILE] DEBUG com.lightfight.mq.JmsMessageConverter.51 - pid = 100, pname = babbaby, fightforce = 1000
2016-08-17 11:19:16,819 [FILE] DEBUG com.lightfight.mq.JmsMessageConverter.43 - toMessage...
2016-08-17 11:19:16,819 [FILE] DEBUG com.lightfight.mq.JmsMessageConverter.51 - pid = 100, pname = babbaby, fightforce = 1000
2016-08-17 11:20:05,262 [FILE] INFO  com.lightfight.mq.LogbackConfig.25 - LogbackConfig init successfully!
2016-08-17 11:20:05,882 [FILE] DEBUG com.lightfight.mq.JmsMessageConverter.43 - toMessage...
2016-08-17 11:20:05,892 [FILE] DEBUG com.lightfight.mq.JmsMessageConverter.51 - pid = 100, pname = babbaby, fightforce = 1000
2016-08-17 11:20:05,902 [FILE] DEBUG com.lightfight.mq.JmsMessageConverter.43 - toMessage...
2016-08-17 11:20:05,902 [FILE] DEBUG com.lightfight.mq.JmsMessageConverter.51 - pid = 100, pname = babbaby, fightforce = 1000
2016-08-17 11:20:52,125 [FILE] INFO  com.lightfight.mq.LogbackConfig.25 - LogbackConfig init successfully!
2016-08-17 11:20:52,755 [FILE] DEBUG com.lightfight.mq.JmsMessageConverter.43 - toMessage...
2016-08-17 11:20:52,765 [FILE] DEBUG com.lightfight.mq.JmsMessageConverter.51 - pid = 100, pname = babbaby, fightforce = 1000
2016-08-17 11:20:52,775 [FILE] DEBUG com.lightfight.mq.JmsMessageConverter.43 - toMessage...
2016-08-17 11:20:52,775 [FILE] DEBUG com.lightfight.mq.JmsMessageConverter.51 - pid = 100, pname = babbaby, fightforce = 1000
2016-08-17 11:21:50,474 [FILE] INFO  com.lightfight.mq.LogbackConfig.25 - LogbackConfig init successfully!
2016-08-17 11:21:51,114 [FILE] DEBUG com.lightfight.mq.JmsMessageConverter.43 - toMessage...
2016-08-17 11:21:51,114 [FILE] DEBUG com.lightfight.mq.JmsMessageConverter.51 - pid = 100, pname = babbaby, fightforce = 1000
2016-08-17 11:21:51,124 [FILE] DEBUG com.lightfight.mq.JmsMessageConverter.43 - toMessage...
2016-08-17 11:21:51,124 [FILE] DEBUG com.lightfight.mq.JmsMessageConverter.51 - pid = 100, pname = babbaby, fightforce = 1000
2016-08-17 11:26:30,604 [FILE] INFO  com.lightfight.mq.LogbackConfig.25 - LogbackConfig init successfully!
2016-08-17 11:26:31,234 [FILE] DEBUG com.lightfight.mq.JmsMessageConverter.43 - toMessage...
2016-08-17 11:26:31,244 [FILE] DEBUG com.lightfight.mq.JmsMessageConverter.51 - pid = 100, pname = babbaby, fightforce = 1000
2016-08-17 11:26:31,254 [FILE] DEBUG com.lightfight.mq.JmsMessageConverter.43 - toMessage...
2016-08-17 11:26:31,254 [FILE] DEBUG com.lightfight.mq.JmsMessageConverter.51 - pid = 100, pname = babbaby, fightforce = 1000
2016-08-17 13:01:13,057 [FILE] INFO  com.lightfight.mq.LogbackConfig.25 - LogbackConfig init successfully!
2016-08-17 13:01:13,687 [FILE] DEBUG com.lightfight.mq.JmsMessageConverter.43 - toMessage...
2016-08-17 13:01:13,697 [FILE] DEBUG com.lightfight.mq.JmsMessageConverter.51 - pid = 100, pname = babbaby, fightforce = 1000
2016-08-17 13:01:13,707 [FILE] DEBUG com.lightfight.mq.JmsMessageConverter.43 - toMessage...
2016-08-17 13:01:13,707 [FILE] DEBUG com.lightfight.mq.JmsMessageConverter.51 - pid = 100, pname = babbaby, fightforce = 1000
2016-08-17 13:01:56,463 [FILE] INFO  com.lightfight.mq.LogbackConfig.25 - LogbackConfig init successfully!
2016-08-17 13:01:57,093 [FILE] DEBUG com.lightfight.mq.JmsMessageConverter.43 - toMessage...
2016-08-17 13:01:57,103 [FILE] DEBUG com.lightfight.mq.JmsMessageConverter.51 - pid = 100, pname = babbaby, fightforce = 1000
2016-08-17 13:01:57,113 [FILE] DEBUG com.lightfight.mq.JmsMessageConverter.43 - toMessage...
2016-08-17 13:01:57,113 [FILE] DEBUG com.lightfight.mq.JmsMessageConverter.51 - pid = 100, pname = babbaby, fightforce = 1000
2016-08-17 13:03:27,442 [FILE] INFO  com.lightfight.mq.LogbackConfig.25 - LogbackConfig init successfully!
2016-08-17 13:03:28,072 [FILE] DEBUG com.lightfight.mq.JmsMessageConverter.43 - toMessage...
2016-08-17 13:03:28,082 [FILE] DEBUG com.lightfight.mq.JmsMessageConverter.51 - pid = 100, pname = babbaby, fightforce = 1000
2016-08-17 13:03:28,092 [FILE] DEBUG com.lightfight.mq.JmsMessageConverter.43 - toMessage...
2016-08-17 13:03:28,092 [FILE] DEBUG com.lightfight.mq.JmsMessageConverter.51 - pid = 100, pname = babbaby, fightforce = 1000
2016-08-17 13:54:41,143 [FILE] INFO  com.lightfight.mq.LogbackConfig.25 - LogbackConfig init successfully!
2016-08-17 13:54:41,793 [FILE] DEBUG com.lightfight.mq.JmsMessageConverter.43 - toMessage...
2016-08-17 13:54:41,793 [FILE] DEBUG com.lightfight.mq.JmsMessageConverter.51 - pid = 100, pname = babbaby, fightforce = 1000
2016-08-17 13:54:41,803 [FILE] DEBUG com.lightfight.mq.JmsMessageConverter.43 - toMessage...
2016-08-17 13:54:41,803 [FILE] DEBUG com.lightfight.mq.JmsMessageConverter.51 - pid = 100, pname = babbaby, fightforce = 1000
2016-08-17 14:32:03,139 [FILE] INFO  com.lightfight.mq.LogbackConfig.25 - LogbackConfig init successfully!
2016-08-17 14:32:03,799 [FILE] DEBUG com.lightfight.mq.JmsMessageConverter.43 - toMessage...
2016-08-17 14:32:03,799 [FILE] DEBUG com.lightfight.mq.JmsMessageConverter.51 - pid = 100, pname = babbaby, fightforce = 1000
2016-08-17 14:32:03,809 [FILE] DEBUG com.lightfight.mq.JmsMessageConverter.43 - toMessage...
2016-08-17 14:32:03,809 [FILE] DEBUG com.lightfight.mq.JmsMessageConverter.51 - pid = 100, pname = babbaby, fightforce = 1000
2016-08-17 15:16:10,081 [FILE] INFO  com.lightfight.context.LogbackConfig.25 - LogbackConfig init successfully!
2016-08-17 15:16:10,751 [FILE] DEBUG com.lightfight.mq.JmsMessageConverter.43 - toMessage...
2016-08-17 15:16:10,761 [FILE] DEBUG com.lightfight.mq.JmsMessageConverter.51 - pid = 100, pname = babbaby, fightforce = 1000
2016-08-17 15:16:10,771 [FILE] DEBUG com.lightfight.mq.JmsMessageConverter.43 - toMessage...
2016-08-17 15:16:10,771 [FILE] DEBUG com.lightfight.mq.JmsMessageConverter.51 - pid = 100, pname = babbaby, fightforce = 1000
2016-08-17 16:16:10,542 [FILE] INFO  com.lightfight.context.LogbackConfig.25 - LogbackConfig init successfully!
2016-08-17 16:16:40,973 [FILE] INFO  com.lightfight.context.LogbackConfig.25 - LogbackConfig init successfully!
2016-08-17 16:16:41,643 [FILE] DEBUG com.lightfight.mq.JmsMessageConverter.43 - toMessage...
2016-08-17 16:16:41,653 [FILE] DEBUG com.lightfight.mq.JmsMessageConverter.51 - pid = 100, pname = bing, fightforce = 1000
2016-08-17 16:16:41,663 [FILE] DEBUG com.lightfight.mq.JmsMessageConverter.43 - toMessage...
2016-08-17 16:16:41,663 [FILE] DEBUG com.lightfight.mq.JmsMessageConverter.51 - pid = 100, pname = google, fightforce = 1000
2016-08-17 16:17:23,843 [FILE] INFO  com.lightfight.context.LogbackConfig.25 - LogbackConfig init successfully!
2016-08-17 16:17:24,513 [FILE] DEBUG com.lightfight.mq.JmsMessageConverter.43 - toMessage...
2016-08-17 16:17:24,523 [FILE] DEBUG com.lightfight.mq.JmsMessageConverter.51 - pid = 100, pname = bing, fightforce = 1000
2016-08-17 16:17:24,533 [FILE] DEBUG com.lightfight.mq.JmsMessageConverter.43 - toMessage...
2016-08-17 16:17:24,533 [FILE] DEBUG com.lightfight.mq.JmsMessageConverter.51 - pid = 100, pname = google, fightforce = 1000
2016-08-17 16:17:40,364 [FILE] INFO  com.lightfight.context.LogbackConfig.25 - LogbackConfig init successfully!
2016-08-17 16:17:41,024 [FILE] DEBUG com.lightfight.mq.JmsMessageConverter.43 - toMessage...
2016-08-17 16:17:41,034 [FILE] DEBUG com.lightfight.mq.JmsMessageConverter.51 - pid = 100, pname = bing, fightforce = 1000
2016-08-17 16:17:41,044 [FILE] DEBUG com.lightfight.mq.JmsMessageConverter.43 - toMessage...
2016-08-17 16:17:41,044 [FILE] DEBUG com.lightfight.mq.JmsMessageConverter.51 - pid = 100, pname = google, fightforce = 1000
2016-08-17 16:18:06,390 [FILE] INFO  com.lightfight.context.LogbackConfig.25 - LogbackConfig init successfully!
2016-08-17 16:18:07,050 [FILE] DEBUG com.lightfight.mq.JmsMessageConverter.43 - toMessage...
2016-08-17 16:18:07,050 [FILE] DEBUG com.lightfight.mq.JmsMessageConverter.51 - pid = 100, pname = bing, fightforce = 1000
2016-08-17 16:18:07,060 [FILE] DEBUG com.lightfight.mq.JmsMessageConverter.43 - toMessage...
2016-08-17 16:18:07,060 [FILE] DEBUG com.lightfight.mq.JmsMessageConverter.51 - pid = 100, pname = google, fightforce = 1000
2016-08-17 16:19:22,616 [FILE] INFO  com.lightfight.context.LogbackConfig.25 - LogbackConfig init successfully!
2016-08-17 16:19:23,236 [FILE] DEBUG com.lightfight.mq.JmsMessageConverter.43 - toMessage...
2016-08-17 16:19:23,236 [FILE] DEBUG com.lightfight.mq.JmsMessageConverter.51 - pid = 100, pname = bing, fightforce = 1000
2016-08-17 16:19:23,246 [FILE] DEBUG com.lightfight.mq.JmsMessageConverter.43 - toMessage...
2016-08-17 16:19:23,246 [FILE] DEBUG com.lightfight.mq.JmsMessageConverter.51 - pid = 100, pname = google, fightforce = 1000
2016-08-17 16:19:39,484 [FILE] INFO  com.lightfight.context.LogbackConfig.25 - LogbackConfig init successfully!
2016-08-17 16:19:40,104 [FILE] DEBUG com.lightfight.mq.JmsMessageConverter.43 - toMessage...
2016-08-17 16:19:40,114 [FILE] DEBUG com.lightfight.mq.JmsMessageConverter.51 - pid = 100, pname = bing, fightforce = 1000
2016-08-17 16:19:40,124 [FILE] DEBUG com.lightfight.mq.JmsMessageConverter.43 - toMessage...
2016-08-17 16:19:40,124 [FILE] DEBUG com.lightfight.mq.JmsMessageConverter.51 - pid = 100, pname = google, fightforce = 1000
2016-08-17 16:20:12,354 [FILE] INFO  com.lightfight.context.LogbackConfig.25 - LogbackConfig init successfully!
2016-08-17 16:20:12,973 [FILE] DEBUG com.lightfight.mq.JmsMessageConverter.43 - toMessage...
2016-08-17 16:20:12,973 [FILE] DEBUG com.lightfight.mq.JmsMessageConverter.51 - pid = 100, pname = bing, fightforce = 1000
2016-08-17 16:20:12,993 [FILE] DEBUG com.lightfight.mq.JmsMessageConverter.43 - toMessage...
2016-08-17 16:20:12,993 [FILE] DEBUG com.lightfight.mq.JmsMessageConverter.51 - pid = 100, pname = google, fightforce = 1000
2016-08-17 16:20:23,375 [FILE] INFO  com.lightfight.context.LogbackConfig.25 - LogbackConfig init successfully!
2016-08-17 16:20:24,005 [FILE] DEBUG com.lightfight.mq.JmsMessageConverter.43 - toMessage...
2016-08-17 16:20:24,005 [FILE] DEBUG com.lightfight.mq.JmsMessageConverter.51 - pid = 100, pname = bing, fightforce = 1000
2016-08-17 16:20:24,015 [FILE] DEBUG com.lightfight.mq.JmsMessageConverter.43 - toMessage...
2016-08-17 16:20:24,015 [FILE] DEBUG com.lightfight.mq.JmsMessageConverter.51 - pid = 100, pname = google, fightforce = 1000
2016-08-17 16:20:35,970 [FILE] INFO  com.lightfight.context.LogbackConfig.25 - LogbackConfig init successfully!
2016-08-17 16:20:36,590 [FILE] DEBUG com.lightfight.mq.JmsMessageConverter.43 - toMessage...
2016-08-17 16:20:36,600 [FILE] DEBUG com.lightfight.mq.JmsMessageConverter.51 - pid = 100, pname = bing, fightforce = 1000
2016-08-17 16:20:36,610 [FILE] DEBUG com.lightfight.mq.JmsMessageConverter.43 - toMessage...
2016-08-17 16:20:36,610 [FILE] DEBUG com.lightfight.mq.JmsMessageConverter.51 - pid = 100, pname = google, fightforce = 1000
2016-08-17 16:23:48,645 [FILE] INFO  com.lightfight.context.LogbackConfig.25 - LogbackConfig init successfully!
2016-08-17 16:23:49,265 [FILE] DEBUG com.lightfight.mq.JmsMessageConverter.43 - toMessage...
2016-08-17 16:23:49,265 [FILE] DEBUG com.lightfight.mq.JmsMessageConverter.51 - pid = 100, pname = bing, fightforce = 1000
2016-08-17 16:23:49,275 [FILE] DEBUG com.lightfight.mq.JmsMessageConverter.43 - toMessage...
2016-08-17 16:23:49,275 [FILE] DEBUG com.lightfight.mq.JmsMessageConverter.51 - pid = 100, pname = google, fightforce = 1000
2016-08-17 16:23:49,285 [FILE] DEBUG com.lightfight.mq.JmsMessageConverter.43 - toMessage...
2016-08-17 16:23:49,285 [FILE] DEBUG com.lightfight.mq.JmsMessageConverter.51 - pid = 100, pname = bing, fightforce = 1000
2016-08-17 16:23:49,295 [FILE] DEBUG com.lightfight.mq.JmsMessageConverter.43 - toMessage...
2016-08-17 16:23:49,295 [FILE] DEBUG com.lightfight.mq.JmsMessageConverter.51 - pid = 100, pname = google, fightforce = 1000
2016-08-17 16:23:49,295 [FILE] DEBUG com.lightfight.mq.JmsMessageConverter.43 - toMessage...
2016-08-17 16:23:49,295 [FILE] DEBUG com.lightfight.mq.JmsMessageConverter.51 - pid = 100, pname = bing, fightforce = 1000
2016-08-17 16:23:49,305 [FILE] DEBUG com.lightfight.mq.JmsMessageConverter.43 - toMessage...
2016-08-17 16:23:49,305 [FILE] DEBUG com.lightfight.mq.JmsMessageConverter.51 - pid = 100, pname = google, fightforce = 1000
2016-08-17 16:23:49,305 [FILE] DEBUG com.lightfight.mq.JmsMessageConverter.43 - toMessage...
2016-08-17 16:23:49,305 [FILE] DEBUG com.lightfight.mq.JmsMessageConverter.51 - pid = 100, pname = bing, fightforce = 1000
2016-08-17 16:23:49,315 [FILE] DEBUG com.lightfight.mq.JmsMessageConverter.43 - toMessage...
2016-08-17 16:23:49,315 [FILE] DEBUG com.lightfight.mq.JmsMessageConverter.51 - pid = 100, pname = google, fightforce = 1000
2016-08-17 16:23:49,315 [FILE] DEBUG com.lightfight.mq.JmsMessageConverter.43 - toMessage...
2016-08-17 16:23:49,315 [FILE] DEBUG com.lightfight.mq.JmsMessageConverter.51 - pid = 100, pname = bing, fightforce = 1000
2016-08-17 16:23:49,325 [FILE] DEBUG com.lightfight.mq.JmsMessageConverter.43 - toMessage...
2016-08-17 16:23:49,325 [FILE] DEBUG com.lightfight.mq.JmsMessageConverter.51 - pid = 100, pname = google, fightforce = 1000
2016-08-17 16:24:22,814 [FILE] INFO  com.lightfight.context.LogbackConfig.25 - LogbackConfig init successfully!
2016-08-17 16:25:10,794 [FILE] INFO  com.lightfight.context.LogbackConfig.25 - LogbackConfig init successfully!
2016-08-17 16:25:31,988 [FILE] INFO  com.lightfight.context.LogbackConfig.25 - LogbackConfig init successfully!
2016-08-17 16:25:56,113 [FILE] INFO  com.lightfight.context.LogbackConfig.25 - LogbackConfig init successfully!
2016-08-17 16:26:12,106 [FILE] INFO  com.lightfight.context.LogbackConfig.25 - LogbackConfig init successfully!
2016-08-17 16:26:17,436 [FILE] INFO  com.lightfight.context.LogbackConfig.25 - LogbackConfig init successfully!
2016-08-17 16:27:45,026 [FILE] INFO  com.lightfight.context.LogbackConfig.25 - LogbackConfig init successfully!
2016-08-17 16:27:54,527 [FILE] INFO  com.lightfight.context.LogbackConfig.25 - LogbackConfig init successfully!
